Using pre-set license
Built from '2020.2/release' branch; Version is '2020.2.2f1 (068178b99f32) revision 426360'; Using compiler version '192528614'; Build Type 'Release'
OS: 'Windows 10 Home; OS build 19042.804; Version 2009; 64bit' Language: 'en' Physical Memory: 16231 MB
BatchMode: 1, IsHumanControllingUs: 0, StartBugReporterOnCrash: 0, Is64bit: 1, IsPro: 0

 COMMAND LINE ARGUMENTS:
C:\Program Files\Unity\Hub\Editor\2020.2.2f1\Editor\Unity.exe
-adb2
-batchMode
-noUpm
-name
AssetImportWorker0
-projectPath
C:/Users/reape/Documents/PongPro
-logFile
Logs/AssetImportWorker0.log
-srvPort
53329
Successfully changed project path to: C:/Users/reape/Documents/PongPro
C:/Users/reape/Documents/PongPro
Using Asset Import Pipeline V2.
Refreshing native plugins compatible for Editor in 21.10 ms, found 0 plugins.
Preloading 0 native plugins for Editor in 0.00 ms.
Initialize engine version: 2020.2.2f1 (068178b99f32)
[Subsystems] Discovering subsystems at path C:/Program Files/Unity/Hub/Editor/2020.2.2f1/Editor/Data/Resources/UnitySubsystems
[Subsystems] Discovering subsystems at path C:/Users/reape/Documents/PongPro/Assets
GfxDevice: creating device client; threaded=0
Direct3D:
    Version:  Direct3D 11.0 [level 11.1]
    Renderer: NVIDIA GeForce GTX 1660 Ti (ID=0x2191)
    Vendor:   
    VRAM:     5991 MB
    Driver:   26.21.14.4137
Initialize mono
Mono path[0] = 'C:/Program Files/Unity/Hub/Editor/2020.2.2f1/Editor/Data/Managed'
Mono path[1] = 'C:/Program Files/Unity/Hub/Editor/2020.2.2f1/Editor/Data/MonoBleedingEdge/lib/mono/unityjit'
Mono config path = 'C:/Program Files/Unity/Hub/Editor/2020.2.2f1/Editor/Data/MonoBleedingEdge/etc'
Using monoOptions --debugger-agent=transport=dt_socket,embedding=1,server=y,suspend=n,address=127.0.0.1:56520
Begin MonoManager ReloadAssembly
Registering precompiled unity dll's ...
Register platform support module: C:/Program Files/Unity/Hub/Editor/2020.2.2f1/Editor/Data/PlaybackEngines/WindowsStandaloneSupport/UnityEditor.WindowsStandalone.Extensions.dll
Registered in 0.002099 seconds.
Native extension for WindowsStandalone target not found
Refreshing native plugins compatible for Editor in 21.11 ms, found 0 plugins.
Preloading 0 native plugins for Editor in 0.00 ms.
Invoked RoslynAnalysisRunner static constructor.
RoslynAnalysisRunner will not be running.
RoslynAnalysisRunner has terminated.
Mono: successfully reloaded assembly
- Completed reload, in  0.920 seconds
Platform modules already initialized, skipping
Registering precompiled user dll's ...
Registered in 0.000659 seconds.
Begin MonoManager ReloadAssembly
Native extension for WindowsStandalone target not found
Refreshing native plugins compatible for Editor in 0.21 ms, found 0 plugins.
Preloading 0 native plugins for Editor in 0.00 ms.
Invoked RoslynAnalysisRunner static constructor.
RoslynAnalysisRunner will not be running.
RoslynAnalysisRunner has terminated.
Mono: successfully reloaded assembly
- Completed reload, in  0.739 seconds
Platform modules already initialized, skipping
========================================================================
Worker process is ready to serve import requests
Launched and connected shader compiler UnityShaderCompiler.exe after 0.11 seconds
Refreshing native plugins compatible for Editor in 0.20 ms, found 0 plugins.
Preloading 0 native plugins for Editor in 0.00 ms.
Unloading 1099 Unused Serialized files (Serialized files now loaded: 0)
System memory in use before: 56.6 MB.
System memory in use after: 56.7 MB.

Unloading 10 unused Assets to reduce memory usage. Loaded Objects now: 1540.
Total: 1.692600 ms (FindLiveObjects: 0.147500 ms CreateObjectMapping: 0.032300 ms MarkObjects: 1.441500 ms  DeleteObjects: 0.069900 ms)

========================================================================
Received Import Request.
  path: Assets
  artifactKey: Guid(00000000000000001000000000000000) Importer(815301076,1909f56bfc062723c751e8b465ee728b)
Start importing Assets using Guid(00000000000000001000000000000000) Importer(815301076,1909f56bfc062723c751e8b465ee728b)  -> (artifact id: '4a6e520b92ccfc61bcfa21a7bcab8468') in 0.003827 seconds
  Import took 0.005516 seconds .

========================================================================
Received Import Request.
  Time since last request: 2.084453 seconds.
  path: Assets/Mats
  artifactKey: Guid(4c5cb299cc9515147bcc04e877f809a6) Importer(815301076,1909f56bfc062723c751e8b465ee728b)
Start importing Assets/Mats using Guid(4c5cb299cc9515147bcc04e877f809a6) Importer(815301076,1909f56bfc062723c751e8b465ee728b)  -> (artifact id: '66c89e2267aa0492a0e24bda7b2d5747') in 0.003318 seconds
  Import took 0.005197 seconds .

========================================================================
Received Import Request.
  Time since last request: 98.687277 seconds.
  path: Assets/Scenes
  artifactKey: Guid(e011b369cc62ad5499b650eee127b3c2) Importer(815301076,1909f56bfc062723c751e8b465ee728b)
Start importing Assets/Scenes using Guid(e011b369cc62ad5499b650eee127b3c2) Importer(815301076,1909f56bfc062723c751e8b465ee728b)  -> (artifact id: 'a586ece813fe7bcb52881c8bdbad3c9a') in 0.003128 seconds
  Import took 0.004893 seconds .

========================================================================
Received Import Request.
  Time since last request: 621.622099 seconds.
  path: Assets/Script
  artifactKey: Guid(b749efddd4fb0934290553f7bbfa0e94) Importer(815301076,1909f56bfc062723c751e8b465ee728b)
Start importing Assets/Script using Guid(b749efddd4fb0934290553f7bbfa0e94) Importer(815301076,1909f56bfc062723c751e8b465ee728b)  -> (artifact id: 'cda6f3d298bcc7ec77fc1bd2fbd92e09') in 0.002727 seconds
  Import took 0.004663 seconds .

========================================================================
Received Import Request.
  Time since last request: 16.296085 seconds.
  path: Assets/Script/Players.cs
  artifactKey: Guid(4a29c19ad56056647b2e29f6203cbe2f) Importer(815301076,1909f56bfc062723c751e8b465ee728b)
Start importing Assets/Script/Players.cs using Guid(4a29c19ad56056647b2e29f6203cbe2f) Importer(815301076,1909f56bfc062723c751e8b465ee728b)  -> (artifact id: '11a07877b128c312d9494b4786e2b1c1') in 0.068110 seconds
  Import took 0.069757 seconds .

========================================================================
Received Prepare
Registering precompiled user dll's ...
Registered in 0.000579 seconds.
Begin MonoManager ReloadAssembly
Native extension for WindowsStandalone target not found
Refreshing native plugins compatible for Editor in 0.18 ms, found 0 plugins.
Preloading 0 native plugins for Editor in 0.00 ms.
Invoked RoslynAnalysisRunner static constructor.
RoslynAnalysisRunner will not be running.
RoslynAnalysisRunner has terminated.
Mono: successfully reloaded assembly
- Completed reload, in  0.694 seconds
Platform modules already initialized, skipping
Refreshing native plugins compatible for Editor in 0.17 ms, found 0 plugins.
Preloading 0 native plugins for Editor in 0.00 ms.
Unloading 1095 Unused Serialized files (Serialized files now loaded: 0)
System memory in use before: 56.7 MB.
System memory in use after: 56.8 MB.

Unloading 5 unused Assets to reduce memory usage. Loaded Objects now: 1543.
Total: 1.407700 ms (FindLiveObjects: 0.149300 ms CreateObjectMapping: 0.036200 ms MarkObjects: 1.174700 ms  DeleteObjects: 0.046600 ms)

========================================================================
Received Import Request.
  Time since last request: 233.784235 seconds.
  path: Assets/Script/Players.cs
  artifactKey: Guid(4a29c19ad56056647b2e29f6203cbe2f) Importer(815301076,1909f56bfc062723c751e8b465ee728b)
Start importing Assets/Script/Players.cs using Guid(4a29c19ad56056647b2e29f6203cbe2f) Importer(815301076,1909f56bfc062723c751e8b465ee728b)  -> (artifact id: 'ad0d5ce160b0448f2857ca4ac614aa0a') in 0.004043 seconds
  Import took 0.006677 seconds .

========================================================================
Received Prepare
Registering precompiled user dll's ...
Registered in 0.000654 seconds.
Begin MonoManager ReloadAssembly
Native extension for WindowsStandalone target not found
Refreshing native plugins compatible for Editor in 0.19 ms, found 0 plugins.
Preloading 0 native plugins for Editor in 0.00 ms.
Invoked RoslynAnalysisRunner static constructor.
RoslynAnalysisRunner will not be running.
RoslynAnalysisRunner has terminated.
Mono: successfully reloaded assembly
- Completed reload, in  0.695 seconds
Platform modules already initialized, skipping
Refreshing native plugins compatible for Editor in 0.18 ms, found 0 plugins.
Preloading 0 native plugins for Editor in 0.00 ms.
Unloading 1095 Unused Serialized files (Serialized files now loaded: 0)
System memory in use before: 56.8 MB.
System memory in use after: 56.9 MB.

Unloading 5 unused Assets to reduce memory usage. Loaded Objects now: 1545.
Total: 1.597200 ms (FindLiveObjects: 0.102000 ms CreateObjectMapping: 0.028700 ms MarkObjects: 1.428300 ms  DeleteObjects: 0.037400 ms)

========================================================================
Received Prepare
Registering precompiled user dll's ...
Registered in 0.000607 seconds.
Begin MonoManager ReloadAssembly
Native extension for WindowsStandalone target not found
Refreshing native plugins compatible for Editor in 0.19 ms, found 0 plugins.
Preloading 0 native plugins for Editor in 0.00 ms.
Invoked RoslynAnalysisRunner static constructor.
RoslynAnalysisRunner will not be running.
RoslynAnalysisRunner has terminated.
Mono: successfully reloaded assembly
- Completed reload, in  0.667 seconds
Platform modules already initialized, skipping
Refreshing native plugins compatible for Editor in 0.18 ms, found 0 plugins.
Preloading 0 native plugins for Editor in 0.00 ms.
Unloading 1095 Unused Serialized files (Serialized files now loaded: 0)
System memory in use before: 57.0 MB.
System memory in use after: 57.0 MB.

Unloading 5 unused Assets to reduce memory usage. Loaded Objects now: 1547.
Total: 1.572400 ms (FindLiveObjects: 0.123200 ms CreateObjectMapping: 0.032100 ms MarkObjects: 1.373800 ms  DeleteObjects: 0.042000 ms)

========================================================================
Received Prepare
Registering precompiled user dll's ...
Registered in 0.000682 seconds.
Begin MonoManager ReloadAssembly
Native extension for WindowsStandalone target not found
Refreshing native plugins compatible for Editor in 0.18 ms, found 0 plugins.
Preloading 0 native plugins for Editor in 0.00 ms.
Invoked RoslynAnalysisRunner static constructor.
RoslynAnalysisRunner will not be running.
RoslynAnalysisRunner has terminated.
Mono: successfully reloaded assembly
- Completed reload, in  0.674 seconds
Platform modules already initialized, skipping
Refreshing native plugins compatible for Editor in 0.18 ms, found 0 plugins.
Preloading 0 native plugins for Editor in 0.00 ms.
Unloading 1095 Unused Serialized files (Serialized files now loaded: 0)
System memory in use before: 57.1 MB.
System memory in use after: 57.1 MB.

Unloading 5 unused Assets to reduce memory usage. Loaded Objects now: 1549.
Total: 1.693900 ms (FindLiveObjects: 0.108500 ms CreateObjectMapping: 0.031600 ms MarkObjects: 1.466300 ms  DeleteObjects: 0.086900 ms)

========================================================================
Received Import Request.
  Time since last request: 315.791800 seconds.
  path: Assets/Script/Ball.cs
  artifactKey: Guid(8f537b15b0b48814b9110ca1d1a5100d) Importer(815301076,1909f56bfc062723c751e8b465ee728b)
Start importing Assets/Script/Ball.cs using Guid(8f537b15b0b48814b9110ca1d1a5100d) Importer(815301076,1909f56bfc062723c751e8b465ee728b)  -> (artifact id: '2870b6eed69933bf4bfe20242cdf9059') in 0.004713 seconds
  Import took 0.006772 seconds .

========================================================================
Received Prepare
Registering precompiled user dll's ...
Registered in 0.000570 seconds.
Begin MonoManager ReloadAssembly
Native extension for WindowsStandalone target not found
Refreshing native plugins compatible for Editor in 0.18 ms, found 0 plugins.
Preloading 0 native plugins for Editor in 0.00 ms.
Invoked RoslynAnalysisRunner static constructor.
RoslynAnalysisRunner will not be running.
RoslynAnalysisRunner has terminated.
Mono: successfully reloaded assembly
- Completed reload, in  0.716 seconds
Platform modules already initialized, skipping
Refreshing native plugins compatible for Editor in 0.17 ms, found 0 plugins.
Preloading 0 native plugins for Editor in 0.00 ms.
Unloading 1096 Unused Serialized files (Serialized files now loaded: 0)
System memory in use before: 57.2 MB.
System memory in use after: 57.3 MB.

Unloading 5 unused Assets to reduce memory usage. Loaded Objects now: 1552.
Total: 1.859900 ms (FindLiveObjects: 0.214600 ms CreateObjectMapping: 0.064600 ms MarkObjects: 1.512100 ms  DeleteObjects: 0.067400 ms)

========================================================================
Received Import Request.
  Time since last request: 506.066526 seconds.
  path: Assets/Script/Ball.cs
  artifactKey: Guid(8f537b15b0b48814b9110ca1d1a5100d) Importer(815301076,1909f56bfc062723c751e8b465ee728b)
Start importing Assets/Script/Ball.cs using Guid(8f537b15b0b48814b9110ca1d1a5100d) Importer(815301076,1909f56bfc062723c751e8b465ee728b)  -> (artifact id: '3a46dce4d4962e73e0409e18d418c55f') in 0.006038 seconds
  Import took 0.009344 seconds .

========================================================================
Received Import Request.
  Time since last request: 107.116948 seconds.
  path: Assets/Script/Players.cs
  artifactKey: Guid(4a29c19ad56056647b2e29f6203cbe2f) Importer(815301076,1909f56bfc062723c751e8b465ee728b)
Start importing Assets/Script/Players.cs using Guid(4a29c19ad56056647b2e29f6203cbe2f) Importer(815301076,1909f56bfc062723c751e8b465ee728b)  -> (artifact id: 'e1697493ffffe6ca11c8f7008f289841') in 0.002216 seconds
  Import took 0.004785 seconds .

========================================================================
Received Import Request.
  Time since last request: 0.000654 seconds.
  path: Assets/Script/Players.cs
  artifactKey: Guid(4a29c19ad56056647b2e29f6203cbe2f) Importer(815301076,1909f56bfc062723c751e8b465ee728b)
Start importing Assets/Script/Players.cs using Guid(4a29c19ad56056647b2e29f6203cbe2f) Importer(815301076,1909f56bfc062723c751e8b465ee728b)  -> (artifact id: 'e1697493ffffe6ca11c8f7008f289841') in 0.002487 seconds
  Import took 0.004191 seconds .

========================================================================
Received Import Request.
  Time since last request: 0.733600 seconds.
  path: Assets/Script/Ball.cs
  artifactKey: Guid(8f537b15b0b48814b9110ca1d1a5100d) Importer(815301076,1909f56bfc062723c751e8b465ee728b)
Start importing Assets/Script/Ball.cs using Guid(8f537b15b0b48814b9110ca1d1a5100d) Importer(815301076,1909f56bfc062723c751e8b465ee728b)  -> (artifact id: '3f1792681389ea41351f785de159dfe7') in 0.002498 seconds
  Import took 0.004644 seconds .

========================================================================
Received Prepare
Registering precompiled user dll's ...
Registered in 0.000723 seconds.
Begin MonoManager ReloadAssembly
Native extension for WindowsStandalone target not found
Refreshing native plugins compatible for Editor in 0.18 ms, found 0 plugins.
Preloading 0 native plugins for Editor in 0.00 ms.
Invoked RoslynAnalysisRunner static constructor.
RoslynAnalysisRunner will not be running.
RoslynAnalysisRunner has terminated.
Mono: successfully reloaded assembly
- Completed reload, in  0.687 seconds
Platform modules already initialized, skipping
Refreshing native plugins compatible for Editor in 0.19 ms, found 0 plugins.
Preloading 0 native plugins for Editor in 0.00 ms.
Unloading 1096 Unused Serialized files (Serialized files now loaded: 0)
System memory in use before: 57.3 MB.
System memory in use after: 57.4 MB.

Unloading 5 unused Assets to reduce memory usage. Loaded Objects now: 1554.
Total: 1.849200 ms (FindLiveObjects: 0.222600 ms CreateObjectMapping: 0.067900 ms MarkObjects: 1.496500 ms  DeleteObjects: 0.061300 ms)

========================================================================
Received Import Request.
  Time since last request: 33.490353 seconds.
  path: Assets/Script/Ball.cs
  artifactKey: Guid(8f537b15b0b48814b9110ca1d1a5100d) Importer(815301076,1909f56bfc062723c751e8b465ee728b)
Start importing Assets/Script/Ball.cs using Guid(8f537b15b0b48814b9110ca1d1a5100d) Importer(815301076,1909f56bfc062723c751e8b465ee728b)  -> (artifact id: '9085d3d24020bd7d1e5083f9ff7c9517') in 0.004316 seconds
  Import took 0.005977 seconds .

========================================================================
Received Prepare
Registering precompiled user dll's ...
Registered in 0.000646 seconds.
Begin MonoManager ReloadAssembly
Native extension for WindowsStandalone target not found
Refreshing native plugins compatible for Editor in 0.20 ms, found 0 plugins.
Preloading 0 native plugins for Editor in 0.00 ms.
Invoked RoslynAnalysisRunner static constructor.
RoslynAnalysisRunner will not be running.
RoslynAnalysisRunner has terminated.
Mono: successfully reloaded assembly
- Completed reload, in  0.789 seconds
Platform modules already initialized, skipping
Refreshing native plugins compatible for Editor in 0.26 ms, found 0 plugins.
Preloading 0 native plugins for Editor in 0.00 ms.
Unloading 1096 Unused Serialized files (Serialized files now loaded: 0)
System memory in use before: 57.4 MB.
System memory in use after: 57.5 MB.

Unloading 5 unused Assets to reduce memory usage. Loaded Objects now: 1556.
Total: 2.651200 ms (FindLiveObjects: 0.342600 ms CreateObjectMapping: 0.312900 ms MarkObjects: 1.908800 ms  DeleteObjects: 0.085400 ms)

========================================================================
Received Prepare
Registering precompiled user dll's ...
Registered in 0.000618 seconds.
Begin MonoManager ReloadAssembly
Native extension for WindowsStandalone target not found
Refreshing native plugins compatible for Editor in 0.18 ms, found 0 plugins.
Preloading 0 native plugins for Editor in 0.00 ms.
Invoked RoslynAnalysisRunner static constructor.
RoslynAnalysisRunner will not be running.
RoslynAnalysisRunner has terminated.
Mono: successfully reloaded assembly
- Completed reload, in  0.659 seconds
Platform modules already initialized, skipping
Refreshing native plugins compatible for Editor in 0.17 ms, found 0 plugins.
Preloading 0 native plugins for Editor in 0.00 ms.
Unloading 1096 Unused Serialized files (Serialized files now loaded: 0)
System memory in use before: 57.5 MB.
System memory in use after: 57.6 MB.

Unloading 5 unused Assets to reduce memory usage. Loaded Objects now: 1558.
Total: 1.673100 ms (FindLiveObjects: 0.113800 ms CreateObjectMapping: 0.027900 ms MarkObjects: 1.491300 ms  DeleteObjects: 0.039200 ms)

========================================================================
Received Prepare
Registering precompiled user dll's ...
Registered in 0.000638 seconds.
Begin MonoManager ReloadAssembly
Native extension for WindowsStandalone target not found
Refreshing native plugins compatible for Editor in 0.17 ms, found 0 plugins.
Preloading 0 native plugins for Editor in 0.00 ms.
Invoked RoslynAnalysisRunner static constructor.
RoslynAnalysisRunner will not be running.
RoslynAnalysisRunner has terminated.
Mono: successfully reloaded assembly
- Completed reload, in  0.666 seconds
Platform modules already initialized, skipping
Refreshing native plugins compatible for Editor in 0.18 ms, found 0 plugins.
Preloading 0 native plugins for Editor in 0.00 ms.
Unloading 1096 Unused Serialized files (Serialized files now loaded: 0)
System memory in use before: 57.6 MB.
System memory in use after: 57.6 MB.

Unloading 5 unused Assets to reduce memory usage. Loaded Objects now: 1560.
Total: 2.843500 ms (FindLiveObjects: 0.277200 ms CreateObjectMapping: 0.119100 ms MarkObjects: 2.379100 ms  DeleteObjects: 0.066400 ms)

========================================================================
Received Prepare
Registering precompiled user dll's ...
Registered in 0.000706 seconds.
Begin MonoManager ReloadAssembly
Native extension for WindowsStandalone target not found
Refreshing native plugins compatible for Editor in 0.18 ms, found 0 plugins.
Preloading 0 native plugins for Editor in 0.00 ms.
Invoked RoslynAnalysisRunner static constructor.
RoslynAnalysisRunner will not be running.
RoslynAnalysisRunner has terminated.
Mono: successfully reloaded assembly
- Completed reload, in  0.655 seconds
Platform modules already initialized, skipping
Refreshing native plugins compatible for Editor in 0.17 ms, found 0 plugins.
Preloading 0 native plugins for Editor in 0.00 ms.
Unloading 1096 Unused Serialized files (Serialized files now loaded: 0)
System memory in use before: 57.8 MB.
System memory in use after: 57.8 MB.

Unloading 5 unused Assets to reduce memory usage. Loaded Objects now: 1562.
Total: 1.726100 ms (FindLiveObjects: 0.133200 ms CreateObjectMapping: 0.030700 ms MarkObjects: 1.474900 ms  DeleteObjects: 0.086600 ms)

========================================================================
Received Prepare
Registering precompiled user dll's ...
Registered in 0.000632 seconds.
Begin MonoManager ReloadAssembly
Native extension for WindowsStandalone target not found
Refreshing native plugins compatible for Editor in 0.18 ms, found 0 plugins.
Preloading 0 native plugins for Editor in 0.00 ms.
Invoked RoslynAnalysisRunner static constructor.
RoslynAnalysisRunner will not be running.
RoslynAnalysisRunner has terminated.
Mono: successfully reloaded assembly
- Completed reload, in  0.683 seconds
Platform modules already initialized, skipping
Refreshing native plugins compatible for Editor in 0.18 ms, found 0 plugins.
Preloading 0 native plugins for Editor in 0.00 ms.
Unloading 1096 Unused Serialized files (Serialized files now loaded: 0)
System memory in use before: 57.9 MB.
System memory in use after: 57.9 MB.

Unloading 5 unused Assets to reduce memory usage. Loaded Objects now: 1564.
Total: 1.669200 ms (FindLiveObjects: 0.200300 ms CreateObjectMapping: 0.051000 ms MarkObjects: 1.373700 ms  DeleteObjects: 0.043400 ms)

========================================================================
Received Prepare
Registering precompiled user dll's ...
Registered in 0.000793 seconds.
Begin MonoManager ReloadAssembly
Native extension for WindowsStandalone target not found
Refreshing native plugins compatible for Editor in 0.18 ms, found 0 plugins.
Preloading 0 native plugins for Editor in 0.00 ms.
Invoked RoslynAnalysisRunner static constructor.
RoslynAnalysisRunner will not be running.
RoslynAnalysisRunner has terminated.
Mono: successfully reloaded assembly
- Completed reload, in  0.671 seconds
Platform modules already initialized, skipping
Refreshing native plugins compatible for Editor in 0.17 ms, found 0 plugins.
Preloading 0 native plugins for Editor in 0.00 ms.
Unloading 1096 Unused Serialized files (Serialized files now loaded: 0)
System memory in use before: 58.0 MB.
System memory in use after: 58.1 MB.

Unloading 5 unused Assets to reduce memory usage. Loaded Objects now: 1566.
Total: 1.791700 ms (FindLiveObjects: 0.120200 ms CreateObjectMapping: 0.031000 ms MarkObjects: 1.595300 ms  DeleteObjects: 0.044600 ms)

========================================================================
Received Prepare
Registering precompiled user dll's ...
Registered in 0.000630 seconds.
Begin MonoManager ReloadAssembly
Native extension for WindowsStandalone target not found
Refreshing native plugins compatible for Editor in 0.20 ms, found 0 plugins.
Preloading 0 native plugins for Editor in 0.00 ms.
Invoked RoslynAnalysisRunner static constructor.
RoslynAnalysisRunner will not be running.
RoslynAnalysisRunner has terminated.
Mono: successfully reloaded assembly
- Completed reload, in  0.698 seconds
Platform modules already initialized, skipping
Refreshing native plugins compatible for Editor in 0.18 ms, found 0 plugins.
Preloading 0 native plugins for Editor in 0.00 ms.
Unloading 1096 Unused Serialized files (Serialized files now loaded: 0)
System memory in use before: 58.1 MB.
System memory in use after: 58.2 MB.

Unloading 5 unused Assets to reduce memory usage. Loaded Objects now: 1568.
Total: 1.662000 ms (FindLiveObjects: 0.202400 ms CreateObjectMapping: 0.061400 ms MarkObjects: 1.317600 ms  DeleteObjects: 0.079700 ms)

========================================================================
Received Prepare
Registering precompiled user dll's ...
Registered in 0.000863 seconds.
Begin MonoManager ReloadAssembly
Native extension for WindowsStandalone target not found
Refreshing native plugins compatible for Editor in 0.18 ms, found 0 plugins.
Preloading 0 native plugins for Editor in 0.00 ms.
Invoked RoslynAnalysisRunner static constructor.
RoslynAnalysisRunner will not be running.
RoslynAnalysisRunner has terminated.
Mono: successfully reloaded assembly
- Completed reload, in  0.662 seconds
Platform modules already initialized, skipping
Refreshing native plugins compatible for Editor in 0.18 ms, found 0 plugins.
Preloading 0 native plugins for Editor in 0.00 ms.
Unloading 1096 Unused Serialized files (Serialized files now loaded: 0)
System memory in use before: 58.2 MB.
System memory in use after: 58.3 MB.

Unloading 5 unused Assets to reduce memory usage. Loaded Objects now: 1570.
Total: 1.431700 ms (FindLiveObjects: 0.126400 ms CreateObjectMapping: 0.031000 ms MarkObjects: 1.232900 ms  DeleteObjects: 0.040600 ms)

========================================================================
Received Prepare
Registering precompiled user dll's ...
Registered in 0.000564 seconds.
Begin MonoManager ReloadAssembly
Native extension for WindowsStandalone target not found
Refreshing native plugins compatible for Editor in 0.18 ms, found 0 plugins.
Preloading 0 native plugins for Editor in 0.00 ms.
Invoked RoslynAnalysisRunner static constructor.
RoslynAnalysisRunner will not be running.
RoslynAnalysisRunner has terminated.
Mono: successfully reloaded assembly
- Completed reload, in  0.666 seconds
Platform modules already initialized, skipping
Refreshing native plugins compatible for Editor in 0.19 ms, found 0 plugins.
Preloading 0 native plugins for Editor in 0.00 ms.
Unloading 1096 Unused Serialized files (Serialized files now loaded: 0)
System memory in use before: 58.3 MB.
System memory in use after: 58.4 MB.

Unloading 5 unused Assets to reduce memory usage. Loaded Objects now: 1572.
Total: 1.799400 ms (FindLiveObjects: 0.195100 ms CreateObjectMapping: 0.057300 ms MarkObjects: 1.504600 ms  DeleteObjects: 0.041700 ms)

========================================================================
Received Import Request.
  Time since last request: 1944.924021 seconds.
  path: Assets/Script/Destory.cs
  artifactKey: Guid(ef2a028692c15414db53f937ee625883) Importer(815301076,1909f56bfc062723c751e8b465ee728b)
Start importing Assets/Script/Destory.cs using Guid(ef2a028692c15414db53f937ee625883) Importer(815301076,1909f56bfc062723c751e8b465ee728b)  -> (artifact id: '36b36061abdd7dfbc21cbc357278d20f') in 0.005545 seconds
  Import took 0.007576 seconds .

========================================================================
Received Prepare
Registering precompiled user dll's ...
Registered in 0.000681 seconds.
Begin MonoManager ReloadAssembly
Native extension for WindowsStandalone target not found
Refreshing native plugins compatible for Editor in 0.18 ms, found 0 plugins.
Preloading 0 native plugins for Editor in 0.00 ms.
Invoked RoslynAnalysisRunner static constructor.
RoslynAnalysisRunner will not be running.
RoslynAnalysisRunner has terminated.
Mono: successfully reloaded assembly
- Completed reload, in  0.729 seconds
Platform modules already initialized, skipping
Refreshing native plugins compatible for Editor in 0.25 ms, found 0 plugins.
Preloading 0 native plugins for Editor in 0.00 ms.
Unloading 1097 Unused Serialized files (Serialized files now loaded: 0)
System memory in use before: 58.5 MB.
System memory in use after: 58.5 MB.

Unloading 5 unused Assets to reduce memory usage. Loaded Objects now: 1575.
Total: 1.843200 ms (FindLiveObjects: 0.115900 ms CreateObjectMapping: 0.032700 ms MarkObjects: 1.645600 ms  DeleteObjects: 0.048200 ms)

========================================================================
Received Import Request.
  Time since last request: 215.717556 seconds.
  path: Assets/Script/Destory.cs
  artifactKey: Guid(ef2a028692c15414db53f937ee625883) Importer(815301076,1909f56bfc062723c751e8b465ee728b)
Start importing Assets/Script/Destory.cs using Guid(ef2a028692c15414db53f937ee625883) Importer(815301076,1909f56bfc062723c751e8b465ee728b)  -> (artifact id: 'a52d0ddbcf403c8080e01b334a339a94') in 0.003793 seconds
  Import took 0.005560 seconds .

========================================================================
Received Import Request.
  Time since last request: 641.165113 seconds.
  path: Assets/Prefab
  artifactKey: Guid(725551874eacce34490d1275aa6f2ca6) Importer(815301076,1909f56bfc062723c751e8b465ee728b)
Start importing Assets/Prefab using Guid(725551874eacce34490d1275aa6f2ca6) Importer(815301076,1909f56bfc062723c751e8b465ee728b)  -> (artifact id: 'a910881380fb198a1831bbfa9e68aed3') in 0.003117 seconds
  Import took 0.005263 seconds .

========================================================================
Received Import Request.
  Time since last request: 5.157637 seconds.
  path: Assets/Prefab/GoalEffect.prefab
  artifactKey: Guid(6020025818d83d54bab592cd62640cd6) Importer(815301076,1909f56bfc062723c751e8b465ee728b)
Start importing Assets/Prefab/GoalEffect.prefab using Guid(6020025818d83d54bab592cd62640cd6) Importer(815301076,1909f56bfc062723c751e8b465ee728b)  -> (artifact id: 'd60de24bf1bf1a44d5d05f7f252c068c') in 0.031579 seconds
  Import took 0.033244 seconds .

========================================================================
Received Import Request.
  Time since last request: 0.000296 seconds.
  path: Assets/Prefab/GoalEffect.prefab
  artifactKey: Guid(6020025818d83d54bab592cd62640cd6) Importer(815301076,1909f56bfc062723c751e8b465ee728b)
Start importing Assets/Prefab/GoalEffect.prefab using Guid(6020025818d83d54bab592cd62640cd6) Importer(815301076,1909f56bfc062723c751e8b465ee728b)  -> (artifact id: 'd60de24bf1bf1a44d5d05f7f252c068c') in 0.003317 seconds
  Import took 0.005273 seconds .

========================================================================
Received Import Request.
  Time since last request: 36.888968 seconds.
  path: Assets/Prefab/GoalEffect.prefab
  artifactKey: Guid(6020025818d83d54bab592cd62640cd6) Importer(815301076,1909f56bfc062723c751e8b465ee728b)
Start importing Assets/Prefab/GoalEffect.prefab using Guid(6020025818d83d54bab592cd62640cd6) Importer(815301076,1909f56bfc062723c751e8b465ee728b)  -> (artifact id: '90214f72573e9ad464ca74f580c797cb') in 0.004321 seconds
  Import took 0.006104 seconds .

========================================================================
Received Import Request.
  Time since last request: 0.002596 seconds.
  path: Assets/Prefab/GoalEffect.prefab
  artifactKey: Guid(6020025818d83d54bab592cd62640cd6) Importer(815301076,1909f56bfc062723c751e8b465ee728b)
Start importing Assets/Prefab/GoalEffect.prefab using Guid(6020025818d83d54bab592cd62640cd6) Importer(815301076,1909f56bfc062723c751e8b465ee728b)  -> (artifact id: '90214f72573e9ad464ca74f580c797cb') in 0.003892 seconds
  Import took 0.005680 seconds .

========================================================================
Received Prepare
Registering precompiled user dll's ...
Registered in 0.000540 seconds.
Begin MonoManager ReloadAssembly
Native extension for WindowsStandalone target not found
Refreshing native plugins compatible for Editor in 0.18 ms, found 0 plugins.
Preloading 0 native plugins for Editor in 0.00 ms.
Invoked RoslynAnalysisRunner static constructor.
RoslynAnalysisRunner will not be running.
RoslynAnalysisRunner has terminated.
Mono: successfully reloaded assembly
- Completed reload, in  0.685 seconds
Platform modules already initialized, skipping
Refreshing native plugins compatible for Editor in 0.18 ms, found 0 plugins.
Preloading 0 native plugins for Editor in 0.00 ms.
Unloading 1097 Unused Serialized files (Serialized files now loaded: 0)
System memory in use before: 58.6 MB.
System memory in use after: 58.7 MB.

Unloading 5 unused Assets to reduce memory usage. Loaded Objects now: 1577.
Total: 2.171200 ms (FindLiveObjects: 0.235600 ms CreateObjectMapping: 0.080300 ms MarkObjects: 1.793700 ms  DeleteObjects: 0.060400 ms)

========================================================================
Received Import Request.
  Time since last request: 76.756366 seconds.
  path: Assets/Prefab/GoalEffect.prefab
  artifactKey: Guid(6020025818d83d54bab592cd62640cd6) Importer(815301076,1909f56bfc062723c751e8b465ee728b)
Start importing Assets/Prefab/GoalEffect.prefab using Guid(6020025818d83d54bab592cd62640cd6) Importer(815301076,1909f56bfc062723c751e8b465ee728b)  -> (artifact id: '47b1191c51d298aabc1809c010f3a555') in 0.022679 seconds
  Import took 0.024452 seconds .

========================================================================
Received Import Request.
  Time since last request: 13.060891 seconds.
  path: Assets/Prefab/GoalEffect.prefab
  artifactKey: Guid(6020025818d83d54bab592cd62640cd6) Importer(815301076,1909f56bfc062723c751e8b465ee728b)
Start importing Assets/Prefab/GoalEffect.prefab using Guid(6020025818d83d54bab592cd62640cd6) Importer(815301076,1909f56bfc062723c751e8b465ee728b)  -> (artifact id: '49bfab20ca972d15b213340b373bf568') in 0.003816 seconds
  Import took 0.005775 seconds .

========================================================================
Received Import Request.
  Time since last request: 0.002013 seconds.
  path: Assets/Prefab/GoalEffect.prefab
  artifactKey: Guid(6020025818d83d54bab592cd62640cd6) Importer(815301076,1909f56bfc062723c751e8b465ee728b)
Start importing Assets/Prefab/GoalEffect.prefab using Guid(6020025818d83d54bab592cd62640cd6) Importer(815301076,1909f56bfc062723c751e8b465ee728b)  -> (artifact id: '49bfab20ca972d15b213340b373bf568') in 0.004014 seconds
  Import took 0.005532 seconds .

========================================================================
Received Import Request.
  Time since last request: 5.353912 seconds.
  path: Assets/Prefab/GoalEffect.prefab
  artifactKey: Guid(6020025818d83d54bab592cd62640cd6) Importer(815301076,1909f56bfc062723c751e8b465ee728b)
Start importing Assets/Prefab/GoalEffect.prefab using Guid(6020025818d83d54bab592cd62640cd6) Importer(815301076,1909f56bfc062723c751e8b465ee728b)  -> (artifact id: '54019fee8b46e5248eae2fe070de3c7a') in 0.004017 seconds
  Import took 0.006189 seconds .

========================================================================
Received Import Request.
  Time since last request: 0.004770 seconds.
  path: Assets/Prefab/GoalEffect.prefab
  artifactKey: Guid(6020025818d83d54bab592cd62640cd6) Importer(815301076,1909f56bfc062723c751e8b465ee728b)
Start importing Assets/Prefab/GoalEffect.prefab using Guid(6020025818d83d54bab592cd62640cd6) Importer(815301076,1909f56bfc062723c751e8b465ee728b)  -> (artifact id: '54019fee8b46e5248eae2fe070de3c7a') in 0.004291 seconds
  Import took 0.006633 seconds .

========================================================================
Received Prepare
Registering precompiled user dll's ...
Registered in 0.000575 seconds.
Begin MonoManager ReloadAssembly
Native extension for WindowsStandalone target not found
Refreshing native plugins compatible for Editor in 0.18 ms, found 0 plugins.
Preloading 0 native plugins for Editor in 0.00 ms.
Invoked RoslynAnalysisRunner static constructor.
RoslynAnalysisRunner will not be running.
RoslynAnalysisRunner has terminated.
Mono: successfully reloaded assembly
- Completed reload, in  0.684 seconds
Platform modules already initialized, skipping
Refreshing native plugins compatible for Editor in 0.17 ms, found 0 plugins.
Preloading 0 native plugins for Editor in 0.00 ms.
Unloading 1097 Unused Serialized files (Serialized files now loaded: 0)
System memory in use before: 58.6 MB.
System memory in use after: 58.7 MB.

Unloading 5 unused Assets to reduce memory usage. Loaded Objects now: 1579.
Total: 1.592700 ms (FindLiveObjects: 0.105400 ms CreateObjectMapping: 0.028500 ms MarkObjects: 1.417500 ms  DeleteObjects: 0.040600 ms)

========================================================================
Received Prepare
Registering precompiled user dll's ...
Registered in 0.000856 seconds.
Begin MonoManager ReloadAssembly
Native extension for WindowsStandalone target not found
Refreshing native plugins compatible for Editor in 0.17 ms, found 0 plugins.
Preloading 0 native plugins for Editor in 0.00 ms.
Invoked RoslynAnalysisRunner static constructor.
RoslynAnalysisRunner will not be running.
RoslynAnalysisRunner has terminated.
Mono: successfully reloaded assembly
- Completed reload, in  0.682 seconds
Platform modules already initialized, skipping
Refreshing native plugins compatible for Editor in 0.17 ms, found 0 plugins.
Preloading 0 native plugins for Editor in 0.00 ms.
Unloading 1097 Unused Serialized files (Serialized files now loaded: 0)
System memory in use before: 57.8 MB.
System memory in use after: 57.9 MB.

Unloading 5 unused Assets to reduce memory usage. Loaded Objects now: 1581.
Total: 1.709300 ms (FindLiveObjects: 0.153600 ms CreateObjectMapping: 0.035700 ms MarkObjects: 1.462400 ms  DeleteObjects: 0.056400 ms)

========================================================================
Received Import Request.
  Time since last request: 263.786902 seconds.
  path: Assets/Prefab/GoalEffect.prefab
  artifactKey: Guid(6020025818d83d54bab592cd62640cd6) Importer(815301076,1909f56bfc062723c751e8b465ee728b)
Start importing Assets/Prefab/GoalEffect.prefab using Guid(6020025818d83d54bab592cd62640cd6) Importer(815301076,1909f56bfc062723c751e8b465ee728b)  -> (artifact id: 'c02ff56f392247ed40e7c0ebe9702fc5') in 0.024251 seconds
  Import took 0.026590 seconds .

========================================================================
Received Import Request.
  Time since last request: 0.000786 seconds.
  path: Assets/Prefab/GoalEffect.prefab
  artifactKey: Guid(6020025818d83d54bab592cd62640cd6) Importer(815301076,1909f56bfc062723c751e8b465ee728b)
Start importing Assets/Prefab/GoalEffect.prefab using Guid(6020025818d83d54bab592cd62640cd6) Importer(815301076,1909f56bfc062723c751e8b465ee728b)  -> (artifact id: 'c02ff56f392247ed40e7c0ebe9702fc5') in 0.004630 seconds
  Import took 0.006335 seconds .

========================================================================
Received Prepare
Registering precompiled user dll's ...
Registered in 0.000637 seconds.
Begin MonoManager ReloadAssembly
Native extension for WindowsStandalone target not found
Refreshing native plugins compatible for Editor in 0.18 ms, found 0 plugins.
Preloading 0 native plugins for Editor in 0.00 ms.
Invoked RoslynAnalysisRunner static constructor.
RoslynAnalysisRunner will not be running.
RoslynAnalysisRunner has terminated.
Mono: successfully reloaded assembly
- Completed reload, in  0.659 seconds
Platform modules already initialized, skipping
Refreshing native plugins compatible for Editor in 0.17 ms, found 0 plugins.
Preloading 0 native plugins for Editor in 0.00 ms.
Unloading 1097 Unused Serialized files (Serialized files now loaded: 0)
System memory in use before: 57.9 MB.
System memory in use after: 58.0 MB.

Unloading 5 unused Assets to reduce memory usage. Loaded Objects now: 1583.
Total: 1.721100 ms (FindLiveObjects: 0.205500 ms CreateObjectMapping: 0.061800 ms MarkObjects: 1.412000 ms  DeleteObjects: 0.040900 ms)

========================================================================
Received Prepare
Registering precompiled user dll's ...
Registered in 0.000935 seconds.
Begin MonoManager ReloadAssembly
Native extension for WindowsStandalone target not found
Refreshing native plugins compatible for Editor in 0.19 ms, found 0 plugins.
Preloading 0 native plugins for Editor in 0.00 ms.
Invoked RoslynAnalysisRunner static constructor.
RoslynAnalysisRunner will not be running.
RoslynAnalysisRunner has terminated.
Mono: successfully reloaded assembly
- Completed reload, in  0.702 seconds
Platform modules already initialized, skipping
Refreshing native plugins compatible for Editor in 0.18 ms, found 0 plugins.
Preloading 0 native plugins for Editor in 0.00 ms.
Unloading 1097 Unused Serialized files (Serialized files now loaded: 0)
System memory in use before: 58.0 MB.
System memory in use after: 58.1 MB.

Unloading 5 unused Assets to reduce memory usage. Loaded Objects now: 1585.
Total: 1.686500 ms (FindLiveObjects: 0.138400 ms CreateObjectMapping: 0.037700 ms MarkObjects: 1.466300 ms  DeleteObjects: 0.043200 ms)

========================================================================
Received Prepare
Registering precompiled user dll's ...
Registered in 0.000725 seconds.
Begin MonoManager ReloadAssembly
Native extension for WindowsStandalone target not found
Refreshing native plugins compatible for Editor in 0.18 ms, found 0 plugins.
Preloading 0 native plugins for Editor in 0.00 ms.
Invoked RoslynAnalysisRunner static constructor.
RoslynAnalysisRunner will not be running.
RoslynAnalysisRunner has terminated.
Mono: successfully reloaded assembly
- Completed reload, in  0.684 seconds
Platform modules already initialized, skipping
Refreshing native plugins compatible for Editor in 0.17 ms, found 0 plugins.
Preloading 0 native plugins for Editor in 0.00 ms.
Unloading 1097 Unused Serialized files (Serialized files now loaded: 0)
System memory in use before: 58.1 MB.
System memory in use after: 58.2 MB.

Unloading 5 unused Assets to reduce memory usage. Loaded Objects now: 1587.
Total: 1.926100 ms (FindLiveObjects: 0.260500 ms CreateObjectMapping: 0.068000 ms MarkObjects: 1.503100 ms  DeleteObjects: 0.093500 ms)

========================================================================
Received Prepare
Registering precompiled user dll's ...
Registered in 0.000624 seconds.
Begin MonoManager ReloadAssembly
Native extension for WindowsStandalone target not found
Refreshing native plugins compatible for Editor in 0.18 ms, found 0 plugins.
Preloading 0 native plugins for Editor in 0.00 ms.
Invoked RoslynAnalysisRunner static constructor.
RoslynAnalysisRunner will not be running.
RoslynAnalysisRunner has terminated.
Mono: successfully reloaded assembly
- Completed reload, in  0.667 seconds
Platform modules already initialized, skipping
Refreshing native plugins compatible for Editor in 0.18 ms, found 0 plugins.
Preloading 0 native plugins for Editor in 0.00 ms.
Unloading 1097 Unused Serialized files (Serialized files now loaded: 0)
System memory in use before: 58.3 MB.
System memory in use after: 58.3 MB.

Unloading 5 unused Assets to reduce memory usage. Loaded Objects now: 1589.
Total: 1.747600 ms (FindLiveObjects: 0.169500 ms CreateObjectMapping: 0.045400 ms MarkObjects: 1.482300 ms  DeleteObjects: 0.049600 ms)

========================================================================
Received Prepare
Registering precompiled user dll's ...
Registered in 0.000801 seconds.
Begin MonoManager ReloadAssembly
Native extension for WindowsStandalone target not found
Refreshing native plugins compatible for Editor in 0.22 ms, found 0 plugins.
Preloading 0 native plugins for Editor in 0.00 ms.
Invoked RoslynAnalysisRunner static constructor.
RoslynAnalysisRunner will not be running.
RoslynAnalysisRunner has terminated.
Mono: successfully reloaded assembly
- Completed reload, in  0.730 seconds
Platform modules already initialized, skipping
Refreshing native plugins compatible for Editor in 0.20 ms, found 0 plugins.
Preloading 0 native plugins for Editor in 0.00 ms.
Unloading 1097 Unused Serialized files (Serialized files now loaded: 0)
System memory in use before: 58.4 MB.
System memory in use after: 58.4 MB.

Unloading 5 unused Assets to reduce memory usage. Loaded Objects now: 1591.
Total: 1.731600 ms (FindLiveObjects: 0.124600 ms CreateObjectMapping: 0.031000 ms MarkObjects: 1.531100 ms  DeleteObjects: 0.044100 ms)

========================================================================
Received Prepare
Registering precompiled user dll's ...
Registered in 0.000582 seconds.
Begin MonoManager ReloadAssembly
Native extension for WindowsStandalone target not found
Refreshing native plugins compatible for Editor in 0.27 ms, found 0 plugins.
Preloading 0 native plugins for Editor in 0.00 ms.
Invoked RoslynAnalysisRunner static constructor.
RoslynAnalysisRunner will not be running.
RoslynAnalysisRunner has terminated.
Mono: successfully reloaded assembly
- Completed reload, in  0.747 seconds
Platform modules already initialized, skipping
Refreshing native plugins compatible for Editor in 0.17 ms, found 0 plugins.
Preloading 0 native plugins for Editor in 0.00 ms.
Unloading 1097 Unused Serialized files (Serialized files now loaded: 0)
System memory in use before: 58.5 MB.
System memory in use after: 58.6 MB.

Unloading 5 unused Assets to reduce memory usage. Loaded Objects now: 1593.
Total: 1.988000 ms (FindLiveObjects: 0.332300 ms CreateObjectMapping: 0.105300 ms MarkObjects: 1.468200 ms  DeleteObjects: 0.081400 ms)

AssetImportWorkerClient::OnTransportError - code=2 error=End of file
